<?xml version="1.0" encoding="UTF-8"?>
<!-- Generated by org.testng.reporters.JUnitReportReporter -->
<testsuite hostname="macs-MacBook-Air.local" failures="0" tests="1" name="refreshPage.RefreshMethod" time="12.137" errors="0" timestamp="2023-08-10T11:30:18 IST" skipped="0">
  <testcase classname="refreshPage.RefreshMethod" name="performTest" time="12.137"/>
</testsuite> <!-- refreshPage.RefreshMethod -->
