<?xml version="1.0" encoding="UTF-8"?>
<!-- Generated by org.testng.reporters.JUnitReportReporter -->
<testsuite hostname="macs-MacBook-Air.local" failures="0" tests="1" name="refreshPage.JSExecRefresh" time="12.257" errors="0" timestamp="2023-08-10T11:47:10 IST" skipped="0">
  <testcase classname="refreshPage.JSExecRefresh" name="navigateToMethod" time="12.257"/>
</testsuite> <!-- refreshPage.JSExecRefresh -->
